<?xml version="1.0" encoding="UTF-8"?>
<!-- Generated by org.testng.reporters.JUnitReportReporter -->
<testsuite ignored="0" hostname="LAPTOP-PU04GD96" failures="0" tests="1" name="prueba.TestHardAssert" time="7.727" errors="0" timestamp="09 Oct 2022 08:08:43 GMT" skipped="0">
  <testcase classname="prueba.TestHardAssert" name="verificarTituloDePagina" time="7.727"/>
</testsuite> <!-- prueba.TestHardAssert -->
