<?xml version="1.0" encoding="UTF-8"?>
<!-- Generated by org.testng.reporters.JUnitReportReporter -->
<testsuite ignored="0" hostname="LAPTOP-PU04GD96" failures="0" tests="1" name="testCases_Search.TC_01_SearchDress" time="3.662" errors="0" timestamp="10 Oct 2022 07:20:08 GMT" skipped="0">
  <testcase classname="testCases_Search.TC_01_SearchDress" name="TC01" time="3.662"/>
</testsuite> <!-- testCases_Search.TC_01_SearchDress -->
