<?xml version="1.0" encoding="UTF-8"?>
<!-- Generated by org.testng.reporters.JUnitReportReporter -->
<testsuite ignored="0" hostname="LAPTOP-PU04GD96" failures="0" tests="1" name="prueba.NewTestSel" time="3.838" errors="0" timestamp="19 Sep 2022 08:18:29 GMT" skipped="0">
  <testcase classname="prueba.NewTestSel" name="testsel" time="3.838"/>
</testsuite> <!-- prueba.NewTestSel -->
